<?xml version="1.0" encoding="UTF-8"?>
<!-- Generated by org.testng.reporters.JUnitXMLReporter -->
<testsuite ignored="2" hostname="Windows" failures="0" tests="2" name="Default test" time="119.925" errors="0" timestamp="2023-10-15T19:46:27 IST">
  <testcase classname="com.providio.login.tc__Login" name="loginTest" time="40.331"/>
  <testcase classname="com.providio.testcases.tc__viewCartvalidation" name="viewCartvalidation" time="75.504"/>
  <testcase classname="com.providio.testcases.baseClass" name="@BeforeSuite setUpforReport" time="0.0">
    <ignored/>
  </testcase> <!-- @BeforeSuite setUpforReport -->
  <testcase classname="com.providio.testcases.baseClass" name="@AfterSuite tearDown" time="0.0">
    <ignored/>
  </testcase> <!-- @AfterSuite tearDown -->
</testsuite> <!-- Default test -->
