<?xml version="1.0" encoding="UTF-8"?>
<!-- Generated by org.testng.reporters.JUnitXMLReporter -->
<testsuite ignored="2" hostname="DESKTOP-P9MM3AH" failures="0" tests="2" name="Default test" time="138.584" errors="0" timestamp="2023-10-12T15:09:12 IST">
  <testcase classname="com.providio.login.tc__Login" name="loginTest" time="32.784"/>
  <testcase classname="com.RegUserWith_CreditCard.tc__SimpleProductRegUser_InCC" name="simpleProduct" time="101.636"/>
  <testcase classname="com.providio.testcases.baseClass" name="@BeforeSuite setUpforReport" time="0.0">
    <ignored/>
  </testcase> <!-- @BeforeSuite setUpforReport -->
  <testcase classname="com.providio.testcases.baseClass" name="@AfterSuite tearDown" time="0.0">
    <ignored/>
  </testcase> <!-- @AfterSuite tearDown -->
</testsuite> <!-- Default test -->
