<?xml version="1.0" encoding="UTF-8"?>
<testng-results ignored="0" total="1" passed="1" failed="0" skipped="0">
  <reporter-output>
  </reporter-output>
  <suite started-at="2023-09-26T18:08:27 IST" name="Default suite" finished-at="2023-09-26T18:12:18 IST" duration-ms="230359">
    <groups>
    </groups>
    <test started-at="2023-09-26T18:08:27 IST" name="Default test" finished-at="2023-09-26T18:12:18 IST" duration-ms="230359">
      <class name="com.GuestUserWith_GcAndCC.tc__VariationProductForGuestUser_InGcAndCc">
        <test-method is-config="true" signature="setUpforReport()[pri:0, instance:com.GuestUserWith_GcAndCC.tc__VariationProductForGuestUser_InGcAndCc@56382bc9]" started-at="2023-09-26T18:08:25 IST" name="setUpforReport" finished-at="2023-09-26T18:08:27 IST" duration-ms="2158" status="PASS">
          <reporter-output>
          </reporter-output>
        </test-method> <!-- setUpforReport -->
        <test-method is-config="true" signature="setUp()[pri:0, instance:com.GuestUserWith_GcAndCC.tc__VariationProductForGuestUser_InGcAndCc@56382bc9]" started-at="2023-09-26T18:08:27 IST" name="setUp" finished-at="2023-09-26T18:08:29 IST" duration-ms="2033" status="PASS">
          <reporter-output>
          </reporter-output>
        </test-method> <!-- setUp -->
        <test-method signature="variationProduct()[pri:0, instance:com.GuestUserWith_GcAndCC.tc__VariationProductForGuestUser_InGcAndCc@56382bc9]" started-at="2023-09-26T18:08:29 IST" name="variationProduct" finished-at="2023-09-26T18:12:18 IST" duration-ms="228263" status="PASS">
          <reporter-output>
          </reporter-output>
        </test-method> <!-- variationProduct -->
        <test-method is-config="true" signature="afterMethod(org.testng.ITestResult)[pri:0, instance:com.GuestUserWith_GcAndCC.tc__VariationProductForGuestUser_InGcAndCc@56382bc9]" started-at="2023-09-26T18:12:18 IST" name="afterMethod" finished-at="2023-09-26T18:12:18 IST" duration-ms="31" status="PASS">
          <params>
            <param index="0">
              <value>
                <![CDATA[[TestResult name=variationProduct status=SUCCESS method=tc__VariationProductForGuestUser_InGcAndCc.variationProduct()[pri:0, instance:com.GuestUserWith_GcAndCC.tc__VariationProductForGuestUser_InGcAndCc@56382bc9] output={null}]]]>
              </value>
            </param>
          </params>
          <reporter-output>
          </reporter-output>
        </test-method> <!-- afterMethod -->
        <test-method is-config="true" signature="tearDown()[pri:0, instance:com.GuestUserWith_GcAndCC.tc__VariationProductForGuestUser_InGcAndCc@56382bc9]" started-at="2023-09-26T18:12:18 IST" name="tearDown" finished-at="2023-09-26T18:12:24 IST" duration-ms="5942" status="FAIL">
          <exception class="java.io.IOException">
            <message>
              <![CDATA[Cannot create directory 'C:\Users\UpendraReddy\git\repository2\proVidioETG\Reports'.]]>
            </message>
            <full-stacktrace>
              <![CDATA[java.io.IOException: Cannot create directory 'C:\Users\UpendraReddy\git\repository2\proVidioETG\Reports'.
at org.apache.commons.io.FileUtils.mkdirs(FileUtils.java:2200)
at org.apache.commons.io.FileUtils.createParentDirectories(FileUtils.java:1113)
at org.apache.commons.io.FileUtils.copyFile(FileUtils.java:843)
at org.apache.commons.io.FileUtils.copyFile(FileUtils.java:756)
at com.providio.testcases.baseClass.tearDown(baseClass.java:198)
at java.base/jdk.internal.reflect.DirectMethodHandleAccessor.invoke(DirectMethodHandleAccessor.java:104)
at java.base/java.lang.reflect.Method.invoke(Method.java:578)
at org.testng.internal.invokers.MethodInvocationHelper.invokeMethod(MethodInvocationHelper.java:139)
at org.testng.internal.invokers.MethodInvocationHelper.invokeMethodConsideringTimeout(MethodInvocationHelper.java:69)
at org.testng.internal.invokers.ConfigInvoker.invokeConfigurationMethod(ConfigInvoker.java:361)
at org.testng.internal.invokers.ConfigInvoker.invokeConfigurations(ConfigInvoker.java:296)
at org.testng.SuiteRunner.privateRun(SuiteRunner.java:404)
at org.testng.SuiteRunner.run(SuiteRunner.java:330)
at org.testng.SuiteRunnerWorker.runSuite(SuiteRunnerWorker.java:52)
at org.testng.SuiteRunnerWorker.run(SuiteRunnerWorker.java:95)
at org.testng.TestNG.runSuitesSequentially(TestNG.java:1256)
at org.testng.TestNG.runSuitesLocally(TestNG.java:1176)
at org.testng.TestNG.runSuites(TestNG.java:1099)
at org.testng.TestNG.run(TestNG.java:1067)
at org.testng.remote.AbstractRemoteTestNG.run(AbstractRemoteTestNG.java:115)
at org.testng.remote.RemoteTestNG.initAndRun(RemoteTestNG.java:251)
at org.testng.remote.RemoteTestNG.main(RemoteTestNG.java:77)
]]>
            </full-stacktrace>
          </exception> <!-- java.io.IOException -->
          <reporter-output>
          </reporter-output>
        </test-method> <!-- tearDown -->
      </class> <!-- com.GuestUserWith_GcAndCC.tc__VariationProductForGuestUser_InGcAndCc -->
    </test> <!-- Default test -->
  </suite> <!-- Default suite -->
</testng-results>
