<?xml version="1.0" encoding="UTF-8"?>
<testng-results ignored="0" total="1" passed="1" failed="0" skipped="0">
  <reporter-output>
  </reporter-output>
  <suite started-at="2023-10-13T16:58:05 IST" name="Default suite" finished-at="2023-10-13T16:58:39 IST" duration-ms="33830">
    <groups>
    </groups>
    <test started-at="2023-10-13T16:58:05 IST" name="Default test" finished-at="2023-10-13T16:58:39 IST" duration-ms="33830">
      <class name="com.providio.login.tc__Login">
        <test-method is-config="true" signature="setUpforReport()[pri:0, instance:com.providio.login.tc__Login@59c04bee]" started-at="2023-10-13T16:58:02 IST" name="setUpforReport" finished-at="2023-10-13T16:58:05 IST" duration-ms="2336" status="PASS">
          <reporter-output>
          </reporter-output>
        </test-method> <!-- setUpforReport -->
        <test-method is-config="true" signature="setUp()[pri:0, instance:com.providio.login.tc__Login@59c04bee]" started-at="2023-10-13T16:58:05 IST" name="setUp" finished-at="2023-10-13T16:58:07 IST" duration-ms="2056" status="PASS">
          <reporter-output>
          </reporter-output>
        </test-method> <!-- setUp -->
        <test-method signature="loginTest()[pri:0, instance:com.providio.login.tc__Login@59c04bee]" started-at="2023-10-13T16:58:07 IST" name="loginTest" finished-at="2023-10-13T16:58:39 IST" duration-ms="31732" status="PASS">
          <reporter-output>
          </reporter-output>
        </test-method> <!-- loginTest -->
        <test-method is-config="true" signature="afterMethod(org.testng.ITestResult)[pri:0, instance:com.providio.login.tc__Login@59c04bee]" started-at="2023-10-13T16:58:39 IST" name="afterMethod" finished-at="2023-10-13T16:58:39 IST" duration-ms="9" status="PASS">
          <params>
            <param index="0">
              <value>
                <![CDATA[[TestResult name=loginTest status=SUCCESS method=tc__Login.loginTest()[pri:0, instance:com.providio.login.tc__Login@59c04bee] output={null}]]]>
              </value>
            </param>
          </params>
          <reporter-output>
          </reporter-output>
        </test-method> <!-- afterMethod -->
        <test-method is-config="true" signature="tearDown()[pri:0, instance:com.providio.login.tc__Login@59c04bee]" started-at="2023-10-13T16:58:39 IST" name="tearDown" finished-at="2023-10-13T16:58:46 IST" duration-ms="7313" status="PASS">
          <reporter-output>
          </reporter-output>
        </test-method> <!-- tearDown -->
      </class> <!-- com.providio.login.tc__Login -->
    </test> <!-- Default test -->
  </suite> <!-- Default suite -->
</testng-results>
