<?xml version="1.0" encoding="UTF-8"?>
<testng-results ignored="2" total="4" passed="2" failed="0" skipped="0">
  <reporter-output>
  </reporter-output>
  <suite started-at="2023-10-12T15:06:53 IST" name="Default suite" finished-at="2023-10-12T15:09:12 IST" duration-ms="138584">
    <groups>
    </groups>
    <test started-at="2023-10-12T15:06:53 IST" name="Default test" finished-at="2023-10-12T15:09:12 IST" duration-ms="138584">
      <class name="com.RegUserWith_CreditCard.tc__SimpleProductRegUser_InCC">
        <test-method is-config="true" signature="setUpforReport()[pri:0, instance:com.RegUserWith_CreditCard.tc__SimpleProductRegUser_InCC@f2a1813]" started-at="2023-10-12T15:06:51 IST" name="setUpforReport" finished-at="2023-10-12T15:06:53 IST" duration-ms="2619" status="PASS">
          <reporter-output>
          </reporter-output>
        </test-method> <!-- setUpforReport -->
        <test-method is-config="true" signature="setUp()[pri:0, instance:com.RegUserWith_CreditCard.tc__SimpleProductRegUser_InCC@f2a1813]" started-at="2023-10-12T15:07:28 IST" name="setUp" finished-at="2023-10-12T15:07:30 IST" duration-ms="2010" status="PASS">
          <reporter-output>
          </reporter-output>
        </test-method> <!-- setUp -->
        <test-method signature="simpleProduct()[pri:0, instance:com.RegUserWith_CreditCard.tc__SimpleProductRegUser_InCC@f2a1813]" started-at="2023-10-12T15:07:30 IST" name="simpleProduct" finished-at="2023-10-12T15:09:12 IST" depends-on-methods="com.providio.login.tc__Login.loginTest" duration-ms="101636" status="PASS">
          <reporter-output>
          </reporter-output>
        </test-method> <!-- simpleProduct -->
        <test-method is-config="true" signature="afterMethod(org.testng.ITestResult)[pri:0, instance:com.RegUserWith_CreditCard.tc__SimpleProductRegUser_InCC@f2a1813]" started-at="2023-10-12T15:09:12 IST" name="afterMethod" finished-at="2023-10-12T15:09:12 IST" duration-ms="23" status="PASS">
          <params>
            <param index="0">
              <value>
                <![CDATA[[TestResult name=simpleProduct status=SUCCESS method=tc__SimpleProductRegUser_InCC.simpleProduct()[pri:0, instance:com.RegUserWith_CreditCard.tc__SimpleProductRegUser_InCC@f2a1813] output={null}]]]>
              </value>
            </param>
          </params>
          <reporter-output>
          </reporter-output>
        </test-method> <!-- afterMethod -->
        <test-method is-config="true" signature="tearDown()[pri:0, instance:com.RegUserWith_CreditCard.tc__SimpleProductRegUser_InCC@f2a1813]" started-at="2023-10-12T15:09:12 IST" name="tearDown" finished-at="2023-10-12T15:09:19 IST" duration-ms="7357" status="PASS">
          <reporter-output>
          </reporter-output>
        </test-method> <!-- tearDown -->
      </class> <!-- com.RegUserWith_CreditCard.tc__SimpleProductRegUser_InCC -->
      <class name="com.providio.login.tc__Login">
        <test-method is-config="true" signature="setUp()[pri:0, instance:com.providio.login.tc__Login@778197c0]" started-at="2023-10-12T15:06:53 IST" name="setUp" finished-at="2023-10-12T15:06:55 IST" duration-ms="2063" status="PASS">
          <reporter-output>
          </reporter-output>
        </test-method> <!-- setUp -->
        <test-method signature="loginTest()[pri:0, instance:com.providio.login.tc__Login@778197c0]" started-at="2023-10-12T15:06:55 IST" name="loginTest" finished-at="2023-10-12T15:07:28 IST" duration-ms="32784" status="PASS">
          <reporter-output>
          </reporter-output>
        </test-method> <!-- loginTest -->
        <test-method is-config="true" signature="afterMethod(org.testng.ITestResult)[pri:0, instance:com.providio.login.tc__Login@778197c0]" started-at="2023-10-12T15:07:28 IST" name="afterMethod" finished-at="2023-10-12T15:07:28 IST" duration-ms="9" status="PASS">
          <params>
            <param index="0">
              <value>
                <![CDATA[[TestResult name=loginTest status=SUCCESS method=tc__Login.loginTest()[pri:0, instance:com.providio.login.tc__Login@778197c0] output={null}]]]>
              </value>
            </param>
          </params>
          <reporter-output>
          </reporter-output>
        </test-method> <!-- afterMethod -->
      </class> <!-- com.providio.login.tc__Login -->
    </test> <!-- Default test -->
  </suite> <!-- Default suite -->
</testng-results>
